<?xml version="1.0" encoding="UTF-8"?>
<!-- Generated by org.testng.reporters.JUnitReportReporter -->
<testsuite hostname="DESKTOP-N9N8M7C" failures="0" tests="1" name="testCases.TC_001_AccountRegistrationTest" time="3.894" errors="0" timestamp="2023-10-03T17:14:16 IST" skipped="0">
  <testcase classname="testCases.TC_001_AccountRegistrationTest" name="test_account_Registration" time="3.894"/>
  <system-out/>
</testsuite> <!-- testCases.TC_001_AccountRegistrationTest -->
