<?xml version="1.0" encoding="UTF-8"?>
<!-- Generated by org.testng.reporters.JUnitReportReporter -->
<testsuite hostname="DESKTOP-N9N8M7C" failures="0" tests="1" name="testCases.TC_001_AccountRegistrationTest" time="2.609" errors="0" timestamp="2023-10-03T16:44:52 IST" skipped="0">
  <testcase classname="testCases.TC_001_AccountRegistrationTest" name="test_account_Registration" time="2.609"/>
  <system-out/>
</testsuite> <!-- testCases.TC_001_AccountRegistrationTest -->
