<?xml version="1.0" encoding="UTF-8"?>
<!-- Generated by org.testng.reporters.JUnitReportReporter -->
<testsuite hostname="DESKTOP-N9N8M7C" failures="0" tests="1" name="testCases.TC_004_SearchProductTest" time="0.768" errors="0" timestamp="2023-10-03T18:45:41 IST" skipped="0">
  <testcase classname="testCases.TC_004_SearchProductTest" name="test_pruductSearch" time="0.768"/>
  <system-out/>
</testsuite> <!-- testCases.TC_004_SearchProductTest -->
